Removed Pin From Net: NetName=IO0 Pin=Q?-6
Removed Member From Class: ClassName=Sheet2 Member=Q?
Change Component Designator: OldDesignator=C? NewDesignator=C1
Change Component Designator: OldDesignator=C? NewDesignator=C2
Change Component Designator: OldDesignator=C? NewDesignator=C3
Change Component Designator: OldDesignator=C? NewDesignator=C4
Change Component Designator: OldDesignator=D? NewDesignator=D1
Change Component Designator: OldDesignator=J? NewDesignator=J1
Change Component Designator: OldDesignator=L? NewDesignator=L1
Change Component Designator: OldDesignator=MD? NewDesignator=MD1
Change Component Designator: OldDesignator=P? NewDesignator=P1
Change Component Designator: OldDesignator=P? NewDesignator=P2
Change Component Designator: OldDesignator=P? NewDesignator=P3
Change Component Designator: OldDesignator=P? NewDesignator=P4
Change Component Designator: OldDesignator=Q? NewDesignator=Q1
Change Component Designator: OldDesignator=Q? NewDesignator=Q2
Change Component Designator: OldDesignator=Q? NewDesignator=Q3
Change Component Designator: OldDesignator=Q? NewDesignator=Q4
Change Component Designator: OldDesignator=R? NewDesignator=R1
Change Component Designator: OldDesignator=R? NewDesignator=R2
Change Component Designator: OldDesignator=R? NewDesignator=R3
Change Component Designator: OldDesignator=R? NewDesignator=R4
Change Component Designator: OldDesignator=U? NewDesignator=U1
Change Component Designator: OldDesignator=U? NewDesignator=U2
Added Pin To Net: NetName=IO0 Pin=Q4-6
Change Net Name : Old Net Name=NetC?_1 New Net Name=NetC2_1
Change Net Name : Old Net Name=NetQ?_4 New Net Name=NetQ4_4
Change Net Name : Old Net Name=NetQ?_5 New Net Name=NetQ4_5
Added Pin To Net: NetName=NetQ4_1 Pin=Q4-1
Added Pin To Net: NetName=NetQ4_1 Pin=R4-2
Added Pin To Net: NetName=NetQ4_1 Pin=U2-28
Added Net: Name=NetQ4_1
Added Pin To Net: NetName=NetQ4_2 Pin=Q4-2
Added Pin To Net: NetName=NetQ4_2 Pin=R3-2
Added Net: Name=NetQ4_2
Added Member To Class: ClassName=Sheet2 Member=Component C1 CL21B106KOQNNNG
Added Member To Class: ClassName=Sheet2 Member=Component C2 CL21B106KOQNNNG
Added Member To Class: ClassName=Sheet2 Member=Component C3 CL21B106KOQNNNG
Added Member To Class: ClassName=Sheet2 Member=Component P2 691311700004
Added Member To Class: ClassName=Sheet2 Member=Component P3 691311700004
Added Member To Class: ClassName=Sheet2 Member=Component P4 691311700004
Added Member To Class: ClassName=Sheet2 Member=Component Q1 IRLZ44NPbF
Added Member To Class: ClassName=Sheet2 Member=Component Q2 IRLZ44NPbF
Added Member To Class: ClassName=Sheet2 Member=Component Q3 IRLZ44NPbF
Added Member To Class: ClassName=Sheet2 Member=Component Q4 BC846BDW1T1G
Added Member To Class: ClassName=Sheet2 Member=Component R2 RC0603JR-070RL
Added Member To Class: ClassName=Sheet2 Member=Component R3 CR0805-FX-1002ELF
Added Member To Class: ClassName=Sheet2 Member=Component R4 CR0805-FX-1002ELF
Added Member To Class: ClassName=Sheet2 Member=Component U1 CJT1117B-3.3
