Removed Pin From Net: NetName=GND Pin=U2-3
Removed Pin From Net: NetName=USB_D+ Pin=U2-4
Removed Pin From Net: NetName=USB_D- Pin=U2-5
Removed Pin From Net: NetName=+3V3 Pin=U2-6
Removed Pin From Net: NetName=USB+ Pin=U2-7
Removed Pin From Net: NetName=USB+ Pin=U2-8
Removed Pin From Net: NetName=NetQ4_4 Pin=U2-24
Removed Pin From Net: NetName=TXD Pin=U2-25
Removed Pin From Net: NetName=RXD Pin=U2-26
Removed Pin From Net: NetName=GND Pin=U2-29
Added Component: Designator=U?(CH340K footprint)
Added Pin To Net: NetName=GND Pin=U?-0
Added Pin To Net: NetName=USB_D- Pin=U?-1
Added Pin To Net: NetName=USB_D+ Pin=U?-2
Added Pin To Net: NetName=NetQ4_4 Pin=U?-6
Added Pin To Net: NetName=USB+ Pin=U?-7
Added Pin To Net: NetName=RXD Pin=U?-8
Added Pin To Net: NetName=TXD Pin=U?-9
Added Pin To Net: NetName=+3V3 Pin=U?-10
Added Pin To Net: NetName=DTR Pin=Q4-1
Added Pin To Net: NetName=DTR Pin=R4-2
Added Pin To Net: NetName=DTR Pin=U?-4
Added Net: Name=DTR
Added Member To Class: ClassName=Sheet2 Member=Component C4 ECA-1HHG471
Added Member To Class: ClassName=Sheet2 Member=Component P1 691311700004
Added Member To Class: ClassName=Sheet2 Member=Component R1 RC0603JR-070RL
Added Member To Class: ClassName=Sheet2 Member=Component U? CH340K USB to UART bridge IC
Added Room: Name=Sheet2
