Removed Pin From Net: NetName=LED+ Pin=P?-1
Removed Pin From Net: NetName=LED1- Pin=P?-2
Removed Pin From Net: NetName=+12 Pin=P?-3
Removed Pin From Net: NetName=GND Pin=P?-4
Added Pin To Net: NetName=+12 Pin=P?-1
Added Pin To Net: NetName=GND Pin=P?-2
Added Pin To Net: NetName=LED+ Pin=P?-3
Added Pin To Net: NetName=LED1- Pin=P?-4
Added Member To Class: ClassName=Sheet2 Member=Component C? CL21B106KOQNNNG
Added Member To Class: ClassName=Sheet2 Member=Component C? CL21B106KOQNNNG
Added Member To Class: ClassName=Sheet2 Member=Component C? CL21B106KOQNNNG
Added Member To Class: ClassName=Sheet2 Member=Component P? 691311700004
Added Member To Class: ClassName=Sheet2 Member=Component P? 691311700004
Added Member To Class: ClassName=Sheet2 Member=Component P? 691311700004
Added Member To Class: ClassName=Sheet2 Member=Component Q? IRLZ44NPbF
Added Member To Class: ClassName=Sheet2 Member=Component Q? BC846BDW1T1G
Added Member To Class: ClassName=Sheet2 Member=Component Q? IRLZ44NPbF
Added Member To Class: ClassName=Sheet2 Member=Component Q? BC846BDW1T1G
Added Member To Class: ClassName=Sheet2 Member=Component R? RC0603JR-070RL
Added Member To Class: ClassName=Sheet2 Member=Component R? CR0805-FX-1002ELF
Added Member To Class: ClassName=Sheet2 Member=Component R? RC0603JR-070RL
Added Member To Class: ClassName=Sheet2 Member=Component U? CJT1117B-3.3
